<?xml version="1.0" encoding="UTF-8"?>
<robot generator="Robot 7.0 (Python 3.12.1 on win32)" generated="2024-01-20T17:31:43.304001" rpa="false" schemaversion="5">
<suite id="s1" name="Crm" source="C:\RobotFramework\CRM\Tests\crm.robot">
<test id="s1-t1" name="Should be able to add new customer" line="9">
<kw name="Log" owner="BuiltIn">
<msg time="2024-01-20T17:31:43.596799" level="INFO">Starting Test Case 1006</msg>
<arg>Starting Test Case 1006</arg>
<doc>Logs the given message with the given level.</doc>
<status status="PASS" start="2024-01-20T17:31:43.596799" elapsed="0.000000"/>
</kw>
<kw name="Open Browser" owner="SeleniumLibrary">
<msg time="2024-01-20T17:31:43.597936" level="INFO">Opening browser 'chrome' to base url 'https://automationplayground.com/crm/'.</msg>
<arg>https://automationplayground.com/crm/</arg>
<arg>chrome</arg>
<doc>Opens a new browser instance to the optional ``url``.</doc>
<status status="PASS" start="2024-01-20T17:31:43.597936" elapsed="5.191562"/>
</kw>
<kw name="Sleep" owner="BuiltIn">
<msg time="2024-01-20T17:31:51.790808" level="INFO">Slept 3 seconds.</msg>
<arg>3s</arg>
<doc>Pauses the test executed for the given time.</doc>
<status status="PASS" start="2024-01-20T17:31:48.789498" elapsed="3.001310"/>
</kw>
<kw name="Close Browser" owner="SeleniumLibrary">
<doc>Closes the current browser.</doc>
<status status="PASS" start="2024-01-20T17:31:51.790808" elapsed="2.136938"/>
</kw>
<doc>This is a basic info about the test</doc>
<tag>1006</tag>
<tag>Contacts</tag>
<tag>Smoke</tag>
<status status="PASS" start="2024-01-20T17:31:43.594773" elapsed="10.333982"/>
</test>
<doc>This is some basic info about the whole test suite</doc>
<status status="PASS" start="2024-01-20T17:31:43.306002" elapsed="10.623753"/>
</suite>
<statistics>
<total>
<stat pass="1" fail="0" skip="0">All Tests</stat>
</total>
<tag>
<stat pass="1" fail="0" skip="0">1006</stat>
<stat pass="1" fail="0" skip="0">Contacts</stat>
<stat pass="1" fail="0" skip="0">Smoke</stat>
</tag>
<suite>
<stat pass="1" fail="0" skip="0" id="s1" name="Crm">Crm</stat>
</suite>
</statistics>
<errors>
</errors>
</robot>
